<?xml version="1.0" encoding="UTF-8"?>
<!-- Generated by org.testng.reporters.JUnitReportReporter -->
<testsuite hostname="LAPTOP-EEAS1CV9" failures="0" tests="1" name="com.DemoWebShop.TestScripts.LoginTest" time="2.127" errors="0" timestamp="10 Jan 2025 10:40:56 GMT" skipped="0">
  <testcase classname="com.DemoWebShop.TestScripts.LoginTest" name="loginIntoDemoWeb" time="2.127"/>
</testsuite> <!-- com.DemoWebShop.TestScripts.LoginTest -->
