<?xml version="1.0" encoding="UTF-8"?>
<!-- Generated by org.testng.reporters.JUnitReportReporter -->
<testsuite hostname="LAPTOP-EEAS1CV9" failures="0" tests="8" name="com.DemoWebShop.TestScripts.InvalidLoginTest" time="9.787" errors="0" timestamp="10 Jan 2025 11:00:26 GMT" skipped="0">
  <testcase classname="com.DemoWebShop.TestScripts.InvalidLoginTest" name="invalidLogin" time="1.146"/>
  <testcase classname="com.DemoWebShop.TestScripts.InvalidLoginTest" name="invalidLogin" time="1.105"/>
  <testcase classname="com.DemoWebShop.TestScripts.InvalidLoginTest" name="invalidLogin" time="1.116"/>
  <testcase classname="com.DemoWebShop.TestScripts.InvalidLoginTest" name="invalidLogin" time="1.065"/>
  <testcase classname="com.DemoWebShop.TestScripts.InvalidLoginTest" name="invalidLogin" time="1.176"/>
  <testcase classname="com.DemoWebShop.TestScripts.InvalidLoginTest" name="invalidLogin" time="1.559"/>
  <testcase classname="com.DemoWebShop.TestScripts.InvalidLoginTest" name="invalidLogin" time="1.486"/>
  <testcase classname="com.DemoWebShop.TestScripts.InvalidLoginTest" name="invalidLogin" time="1.134"/>
</testsuite> <!-- com.DemoWebShop.TestScripts.InvalidLoginTest -->
