<?xml version="1.0" encoding="UTF-8"?>
<!-- Generated by org.testng.reporters.JUnitReportReporter -->
<testsuite hostname="LAPTOP-EEAS1CV9" failures="0" tests="1" name="com.DemoWebShop.TestScripts.RegisterTest" time="7.758" errors="0" timestamp="16 Jan 2025 11:11:27 GMT" skipped="0">
  <testcase classname="com.DemoWebShop.TestScripts.RegisterTest" name="toRegisterIntoDemoWebShop" time="7.758"/>
</testsuite> <!-- com.DemoWebShop.TestScripts.RegisterTest -->
